2020-04-28 21:57:47,379 - instabot version: 0.117.0 (bot) - INFO - Instabot version: 0.117.0 Started
2020-04-28 21:57:47,382 - instabot version: 0.117.0 (bot) - DEBUG - Bot imported from C:\Users\Lakshya\Documents\virenv\lib\site-packages\instabot\bot\bot.py
2020-04-28 21:57:47,730 - instabot version: 0.117.0 (api) - DEBUG - POST to endpoint: accounts/contact_point_prefill/ returned response: <Response [200]>
2020-04-28 21:57:50,170 - instabot version: 0.117.0 (api_login) - INFO - Not yet logged in starting: PRE-LOGIN FLOW!
2020-04-28 21:57:50,483 - instabot version: 0.117.0 (api) - DEBUG - POST to endpoint: accounts/login/ returned response: <Response [400]>
2020-04-28 21:57:50,484 - instabot version: 0.117.0 (api) - DEBUG - Responsecode indicates error; response content: b'{"message": "The password you entered is incorrect. Please try again.", "invalid_credentials": true, "error_title": "Incorrect password for lakshya", "buttons": [{"title": "Try Again", "action": "dismiss"}], "status": "fail", "error_type": "bad_password"}'
2020-04-28 21:57:50,484 - instabot version: 0.117.0 (api) - ERROR - Request returns 400 error!
2020-04-28 21:57:50,485 - instabot version: 0.117.0 (api) - INFO - Instagram's error message: The password you entered is incorrect. Please try again.
2020-04-28 21:57:50,491 - instabot version: 0.117.0 (api) - INFO - Error type: bad_password
2020-04-28 21:57:50,494 - instabot version: 0.117.0 (api) - ERROR - Failed to login go to instagram and change your password
2020-04-28 21:57:50,495 - instabot version: 0.117.0 (api) - INFO - Username or password is incorrect.
2020-04-28 21:57:50,903 - instabot version: 0.117.0 (api) - DEBUG - POST to endpoint: accounts/get_prefill_candidates/ returned response: <Response [200]>
2020-04-28 21:57:51,536 - instabot version: 0.117.0 (api) - DEBUG - POST to endpoint: qe/sync/ returned response: <Response [200]>
2020-04-28 21:57:52,169 - instabot version: 0.117.0 (api) - DEBUG - POST to endpoint: launcher/sync/ returned response: <Response [200]>
2020-04-28 21:57:52,826 - instabot version: 0.117.0 (api) - DEBUG - POST to endpoint: accounts/contact_point_prefill/ returned response: <Response [200]>
2020-04-28 21:57:55,837 - instabot version: 0.117.0 (api) - DEBUG - POST to endpoint: accounts/login/ returned response: <Response [400]>
2020-04-28 21:57:55,838 - instabot version: 0.117.0 (api) - DEBUG - Responsecode indicates error; response content: b'{"message": "The password you entered is incorrect. Please try again.", "invalid_credentials": true, "error_title": "Incorrect password for lakshya", "buttons": [{"title": "Try Again", "action": "dismiss"}], "status": "fail", "error_type": "bad_password"}'
2020-04-28 21:57:55,838 - instabot version: 0.117.0 (api) - ERROR - Request returns 400 error!
2020-04-28 21:57:55,842 - instabot version: 0.117.0 (api) - INFO - Instagram's error message: The password you entered is incorrect. Please try again.
2020-04-28 21:57:55,860 - instabot version: 0.117.0 (api) - INFO - Error type: bad_password
2020-04-28 21:57:55,866 - instabot version: 0.117.0 (api) - ERROR - Failed to login go to instagram and change your password
2020-04-28 21:57:55,876 - instabot version: 0.117.0 (api) - INFO - Username or password is incorrect.
