2020-04-28 22:13:50,324 - instabot version: 0.117.0 (bot) - INFO - Instabot version: 0.117.0 Started
2020-04-28 22:13:50,328 - instabot version: 0.117.0 (bot) - DEBUG - Bot imported from C:\Users\Lakshya\Documents\virenv\lib\site-packages\instabot\bot\bot.py
2020-04-28 22:13:54,322 - instabot version: 0.117.0 (api_login) - DEBUG - Loading cookies
2020-04-28 22:13:54,323 - instabot version: 0.117.0 (api_login) - DEBUG - Loading uuids
2020-04-28 22:13:54,324 - instabot version: 0.117.0 (api_login) - INFO - Recovery from C:\Users\Lakshya\Documents\Instabot/config/team_leonardodicaprio_uuid_and_cookie.json: COOKIE True - UUIDs True - TIMING, DEVICE and ...
- user-agent=Instagram 117.0.0.28.123 Android (28/9.0; 420dpi; 1080x1920; OnePlus; ONEPLUS A3003; OnePlus3; qcom; en_US; 180322800)
- phone_id=242f08d3-5589-452c-b42f-ae399b7fd2b1
- uuid=865b053a-4111-4b5a-b732-e2d17b84d964
- client_session_id=04217cce-2b87-4429-a235-66a1272e5c65
- device_id=android-2fd388daded755dd
2020-04-28 22:13:54,328 - instabot version: 0.117.0 (api_login) - INFO - LOGIN FLOW! Just logged-in: False
2020-04-28 22:13:56,709 - instabot version: 0.117.0 (api) - DEBUG - POST to endpoint: feed/timeline/ returned response: <Response [200]>
2020-04-28 22:14:00,196 - instabot version: 0.117.0 (api) - DEBUG - POST to endpoint: feed/reels_tray/ returned response: <Response [200]>
2020-04-28 22:14:00,202 - instabot version: 0.117.0 (api) - INFO - Logged-in successfully as 'team_leonardodicaprio'!
2020-04-28 22:14:00,202 - instabot version: 0.117.0 (bot_checkpoint) - DEBUG - Loading Checkpoint file from: C:\Users\Lakshya\Documents\Instabot/config/team_leonardodicaprio.checkpoint
2020-04-28 22:15:26,897 - instabot version: 0.117.0 (api_login) - DEBUG - Loading cookies
2020-04-28 22:15:26,898 - instabot version: 0.117.0 (api_login) - DEBUG - Loading uuids
2020-04-28 22:15:26,898 - instabot version: 0.117.0 (api_login) - INFO - Recovery from C:\Users\Lakshya\Documents\Instabot/config/team_leonardodicaprio_uuid_and_cookie.json: COOKIE True - UUIDs True - TIMING, DEVICE and ...
- user-agent=Instagram 117.0.0.28.123 Android (28/9.0; 420dpi; 1080x1920; OnePlus; ONEPLUS A3003; OnePlus3; qcom; en_US; 180322800)
- phone_id=242f08d3-5589-452c-b42f-ae399b7fd2b1
- uuid=865b053a-4111-4b5a-b732-e2d17b84d964
- client_session_id=04217cce-2b87-4429-a235-66a1272e5c65
- device_id=android-2fd388daded755dd
2020-04-28 22:15:26,900 - instabot version: 0.117.0 (api_login) - INFO - LOGIN FLOW! Just logged-in: False
2020-04-28 22:15:28,751 - instabot version: 0.117.0 (api) - DEBUG - POST to endpoint: feed/timeline/ returned response: <Response [200]>
2020-04-28 22:15:31,309 - instabot version: 0.117.0 (api) - DEBUG - POST to endpoint: feed/reels_tray/ returned response: <Response [200]>
2020-04-28 22:15:31,315 - instabot version: 0.117.0 (api) - INFO - Logged-in successfully as 'team_leonardodicaprio'!
2020-04-28 22:15:31,316 - instabot version: 0.117.0 (bot_checkpoint) - DEBUG - Loading Checkpoint file from: C:\Users\Lakshya\Documents\Instabot/config/team_leonardodicaprio.checkpoint
2020-04-28 22:17:19,863 - instabot version: 0.117.0 (bot_checkpoint) - DEBUG - Saving Checkpoint file to: C:\Users\Lakshya\Documents\Instabot/config/team_leonardodicaprio.checkpoint
2020-04-28 22:17:19,871 - instabot version: 0.117.0 (bot) - INFO - Total requests: 31
2020-04-28 22:17:19,879 - instabot version: 0.117.0 (bot_checkpoint) - DEBUG - Saving Checkpoint file to: C:\Users\Lakshya\Documents\Instabot/config/team_leonardodicaprio.checkpoint
2020-04-28 22:17:19,881 - instabot version: 0.117.0 (bot) - INFO - Total requests: 31
